<?xml version="1.0" encoding="UTF-8"?>
<testsuite xmlns:xsi="http://www.w3.org/2001/XMLSchema-instance" xsi:noNamespaceSchemaLocation="https://maven.apache.org/surefire/maven-surefire-plugin/xsd/surefire-test-report.xsd" name="com.itheima.SpringbootMybatisCrudApplicationTests" time="3.29" tests="1" errors="0" skipped="0" failures="0">
  <properties>
    <property name="gopherProxySet" value="false"/>
    <property name="socksProxyHost" value="127.0.0.1"/>
    <property name="awt.toolkit" value="sun.lwawt.macosx.LWCToolkit"/>
    <property name="http.proxyHost" value="127.0.0.1"/>
    <property name="java.specification.version" value="11"/>
    <property name="sun.cpu.isalist" value=""/>
    <property name="sun.jnu.encoding" value="UTF-8"/>
    <property name="java.class.path" value="/Users/ddayang/Desktop/java_study/java_basic/Maven_demo/it_web_app/springboot-mybatis-crud/target/test-classes:/Users/ddayang/Desktop/java_study/java_basic/Maven_demo/it_web_app/springboot-mybatis-crud/target/classes:/Users/ddayang/Desktop/apache-maven-3.9.6/mvn_repo/org/mybatis/spring/boot/mybatis-spring-boot-starter/2.2.2/mybatis-spring-boot-starter-2.2.2.jar:/Users/ddayang/Desktop/apache-maven-3.9.6/mvn_repo/org/springframework/boot/spring-boot-starter/2.7.5/spring-boot-starter-2.7.5.jar:/Users/ddayang/Desktop/apache-maven-3.9.6/mvn_repo/org/springframework/boot/spring-boot/2.7.5/spring-boot-2.7.5.jar:/Users/ddayang/Desktop/apache-maven-3.9.6/mvn_repo/org/springframework/spring-context/5.3.23/spring-context-5.3.23.jar:/Users/ddayang/Desktop/apache-maven-3.9.6/mvn_repo/org/springframework/spring-aop/5.3.23/spring-aop-5.3.23.jar:/Users/ddayang/Desktop/apache-maven-3.9.6/mvn_repo/org/springframework/spring-expression/5.3.23/spring-expression-5.3.23.jar:/Users/ddayang/Desktop/apache-maven-3.9.6/mvn_repo/org/springframework/boot/spring-boot-autoconfigure/2.7.5/spring-boot-autoconfigure-2.7.5.jar:/Users/ddayang/Desktop/apache-maven-3.9.6/mvn_repo/org/springframework/boot/spring-boot-starter-logging/2.7.5/spring-boot-starter-logging-2.7.5.jar:/Users/ddayang/Desktop/apache-maven-3.9.6/mvn_repo/ch/qos/logback/logback-classic/1.2.11/logback-classic-1.2.11.jar:/Users/ddayang/Desktop/apache-maven-3.9.6/mvn_repo/ch/qos/logback/logback-core/1.2.11/logback-core-1.2.11.jar:/Users/ddayang/Desktop/apache-maven-3.9.6/mvn_repo/org/apache/logging/log4j/log4j-to-slf4j/2.17.2/log4j-to-slf4j-2.17.2.jar:/Users/ddayang/Desktop/apache-maven-3.9.6/mvn_repo/org/apache/logging/log4j/log4j-api/2.17.2/log4j-api-2.17.2.jar:/Users/ddayang/Desktop/apache-maven-3.9.6/mvn_repo/org/slf4j/jul-to-slf4j/1.7.36/jul-to-slf4j-1.7.36.jar:/Users/ddayang/Desktop/apache-maven-3.9.6/mvn_repo/jakarta/annotation/jakarta.annotation-api/1.3.5/jakarta.annotation-api-1.3.5.jar:/Users/ddayang/Desktop/apache-maven-3.9.6/mvn_repo/org/yaml/snakeyaml/1.30/snakeyaml-1.30.jar:/Users/ddayang/Desktop/apache-maven-3.9.6/mvn_repo/org/springframework/boot/spring-boot-starter-jdbc/2.7.5/spring-boot-starter-jdbc-2.7.5.jar:/Users/ddayang/Desktop/apache-maven-3.9.6/mvn_repo/com/zaxxer/HikariCP/4.0.3/HikariCP-4.0.3.jar:/Users/ddayang/Desktop/apache-maven-3.9.6/mvn_repo/org/springframework/spring-jdbc/5.3.23/spring-jdbc-5.3.23.jar:/Users/ddayang/Desktop/apache-maven-3.9.6/mvn_repo/org/springframework/spring-beans/5.3.23/spring-beans-5.3.23.jar:/Users/ddayang/Desktop/apache-maven-3.9.6/mvn_repo/org/springframework/spring-tx/5.3.23/spring-tx-5.3.23.jar:/Users/ddayang/Desktop/apache-maven-3.9.6/mvn_repo/org/mybatis/spring/boot/mybatis-spring-boot-autoconfigure/2.2.2/mybatis-spring-boot-autoconfigure-2.2.2.jar:/Users/ddayang/Desktop/apache-maven-3.9.6/mvn_repo/org/mybatis/mybatis/3.5.9/mybatis-3.5.9.jar:/Users/ddayang/Desktop/apache-maven-3.9.6/mvn_repo/org/mybatis/mybatis-spring/2.0.7/mybatis-spring-2.0.7.jar:/Users/ddayang/Desktop/apache-maven-3.9.6/mvn_repo/com/mysql/mysql-connector-j/8.0.31/mysql-connector-j-8.0.31.jar:/Users/ddayang/Desktop/apache-maven-3.9.6/mvn_repo/org/projectlombok/lombok/1.18.24/lombok-1.18.24.jar:/Users/ddayang/Desktop/apache-maven-3.9.6/mvn_repo/org/springframework/boot/spring-boot-starter-test/2.7.5/spring-boot-starter-test-2.7.5.jar:/Users/ddayang/Desktop/apache-maven-3.9.6/mvn_repo/org/springframework/boot/spring-boot-test/2.7.5/spring-boot-test-2.7.5.jar:/Users/ddayang/Desktop/apache-maven-3.9.6/mvn_repo/org/springframework/boot/spring-boot-test-autoconfigure/2.7.5/spring-boot-test-autoconfigure-2.7.5.jar:/Users/ddayang/Desktop/apache-maven-3.9.6/mvn_repo/com/jayway/jsonpath/json-path/2.7.0/json-path-2.7.0.jar:/Users/ddayang/Desktop/apache-maven-3.9.6/mvn_repo/net/minidev/json-smart/2.4.8/json-smart-2.4.8.jar:/Users/ddayang/Desktop/apache-maven-3.9.6/mvn_repo/net/minidev/accessors-smart/2.4.8/accessors-smart-2.4.8.jar:/Users/ddayang/Desktop/apache-maven-3.9.6/mvn_repo/org/ow2/asm/asm/9.1/asm-9.1.jar:/Users/ddayang/Desktop/apache-maven-3.9.6/mvn_repo/org/slf4j/slf4j-api/1.7.36/slf4j-api-1.7.36.jar:/Users/ddayang/Desktop/apache-maven-3.9.6/mvn_repo/jakarta/xml/bind/jakarta.xml.bind-api/2.3.3/jakarta.xml.bind-api-2.3.3.jar:/Users/ddayang/Desktop/apache-maven-3.9.6/mvn_repo/jakarta/activation/jakarta.activation-api/1.2.2/jakarta.activation-api-1.2.2.jar:/Users/ddayang/Desktop/apache-maven-3.9.6/mvn_repo/org/assertj/assertj-core/3.22.0/assertj-core-3.22.0.jar:/Users/ddayang/Desktop/apache-maven-3.9.6/mvn_repo/org/hamcrest/hamcrest/2.2/hamcrest-2.2.jar:/Users/ddayang/Desktop/apache-maven-3.9.6/mvn_repo/org/junit/jupiter/junit-jupiter/5.8.2/junit-jupiter-5.8.2.jar:/Users/ddayang/Desktop/apache-maven-3.9.6/mvn_repo/org/junit/jupiter/junit-jupiter-api/5.8.2/junit-jupiter-api-5.8.2.jar:/Users/ddayang/Desktop/apache-maven-3.9.6/mvn_repo/org/opentest4j/opentest4j/1.2.0/opentest4j-1.2.0.jar:/Users/ddayang/Desktop/apache-maven-3.9.6/mvn_repo/org/junit/platform/junit-platform-commons/1.8.2/junit-platform-commons-1.8.2.jar:/Users/ddayang/Desktop/apache-maven-3.9.6/mvn_repo/org/apiguardian/apiguardian-api/1.1.2/apiguardian-api-1.1.2.jar:/Users/ddayang/Desktop/apache-maven-3.9.6/mvn_repo/org/junit/jupiter/junit-jupiter-params/5.8.2/junit-jupiter-params-5.8.2.jar:/Users/ddayang/Desktop/apache-maven-3.9.6/mvn_repo/org/junit/jupiter/junit-jupiter-engine/5.8.2/junit-jupiter-engine-5.8.2.jar:/Users/ddayang/Desktop/apache-maven-3.9.6/mvn_repo/org/junit/platform/junit-platform-engine/1.8.2/junit-platform-engine-1.8.2.jar:/Users/ddayang/Desktop/apache-maven-3.9.6/mvn_repo/org/mockito/mockito-core/4.5.1/mockito-core-4.5.1.jar:/Users/ddayang/Desktop/apache-maven-3.9.6/mvn_repo/net/bytebuddy/byte-buddy/1.12.18/byte-buddy-1.12.18.jar:/Users/ddayang/Desktop/apache-maven-3.9.6/mvn_repo/net/bytebuddy/byte-buddy-agent/1.12.18/byte-buddy-agent-1.12.18.jar:/Users/ddayang/Desktop/apache-maven-3.9.6/mvn_repo/org/objenesis/objenesis/3.2/objenesis-3.2.jar:/Users/ddayang/Desktop/apache-maven-3.9.6/mvn_repo/org/mockito/mockito-junit-jupiter/4.5.1/mockito-junit-jupiter-4.5.1.jar:/Users/ddayang/Desktop/apache-maven-3.9.6/mvn_repo/org/skyscreamer/jsonassert/1.5.1/jsonassert-1.5.1.jar:/Users/ddayang/Desktop/apache-maven-3.9.6/mvn_repo/com/vaadin/external/google/android-json/0.0.20131108.vaadin1/android-json-0.0.20131108.vaadin1.jar:/Users/ddayang/Desktop/apache-maven-3.9.6/mvn_repo/org/springframework/spring-core/5.3.23/spring-core-5.3.23.jar:/Users/ddayang/Desktop/apache-maven-3.9.6/mvn_repo/org/springframework/spring-jcl/5.3.23/spring-jcl-5.3.23.jar:/Users/ddayang/Desktop/apache-maven-3.9.6/mvn_repo/org/springframework/spring-test/5.3.23/spring-test-5.3.23.jar:/Users/ddayang/Desktop/apache-maven-3.9.6/mvn_repo/org/xmlunit/xmlunit-core/2.9.0/xmlunit-core-2.9.0.jar:"/>
    <property name="https.proxyPort" value="7890"/>
    <property name="java.vm.vendor" value="Oracle Corporation"/>
    <property name="sun.arch.data.model" value="64"/>
    <property name="java.vendor.url" value="http://java.oracle.com/"/>
    <property name="user.timezone" value=""/>
    <property name="java.vm.specification.version" value="11"/>
    <property name="os.name" value="Mac OS X"/>
    <property name="sun.java.launcher" value="SUN_STANDARD"/>
    <property name="user.country" value="CN"/>
    <property name="sun.boot.library.path" value="/Library/Java/JavaVirtualMachines/jdk-11.0.2.jdk/Contents/Home/lib"/>
    <property name="sun.java.command" value="/Users/ddayang/Desktop/java_study/java_basic/Maven_demo/it_web_app/springboot-mybatis-crud/target/surefire/surefirebooter17627720528881361928.jar /Users/ddayang/Desktop/java_study/java_basic/Maven_demo/it_web_app/springboot-mybatis-crud/target/surefire 2024-02-26T11-10-37_420-jvmRun1 surefire8023221080354257881tmp surefire_013501606733566381172tmp"/>
    <property name="http.nonProxyHosts" value="192.168.0.0/16|*.192.168.0.0/16|10.0.0.0/8|*.10.0.0.0/8|172.16.0.0/12|*.172.16.0.0/12|127.0.0.1|localhost|*.localhost|local|*.local|timestamp.apple.com|*.timestamp.apple.com|sequoia.apple.com|*.sequoia.apple.com|seed-sequoia.siri.apple.com|*.seed-sequoia.siri.apple.com"/>
    <property name="jdk.debug" value="release"/>
    <property name="surefire.test.class.path" value="/Users/ddayang/Desktop/java_study/java_basic/Maven_demo/it_web_app/springboot-mybatis-crud/target/test-classes:/Users/ddayang/Desktop/java_study/java_basic/Maven_demo/it_web_app/springboot-mybatis-crud/target/classes:/Users/ddayang/Desktop/apache-maven-3.9.6/mvn_repo/org/mybatis/spring/boot/mybatis-spring-boot-starter/2.2.2/mybatis-spring-boot-starter-2.2.2.jar:/Users/ddayang/Desktop/apache-maven-3.9.6/mvn_repo/org/springframework/boot/spring-boot-starter/2.7.5/spring-boot-starter-2.7.5.jar:/Users/ddayang/Desktop/apache-maven-3.9.6/mvn_repo/org/springframework/boot/spring-boot/2.7.5/spring-boot-2.7.5.jar:/Users/ddayang/Desktop/apache-maven-3.9.6/mvn_repo/org/springframework/spring-context/5.3.23/spring-context-5.3.23.jar:/Users/ddayang/Desktop/apache-maven-3.9.6/mvn_repo/org/springframework/spring-aop/5.3.23/spring-aop-5.3.23.jar:/Users/ddayang/Desktop/apache-maven-3.9.6/mvn_repo/org/springframework/spring-expression/5.3.23/spring-expression-5.3.23.jar:/Users/ddayang/Desktop/apache-maven-3.9.6/mvn_repo/org/springframework/boot/spring-boot-autoconfigure/2.7.5/spring-boot-autoconfigure-2.7.5.jar:/Users/ddayang/Desktop/apache-maven-3.9.6/mvn_repo/org/springframework/boot/spring-boot-starter-logging/2.7.5/spring-boot-starter-logging-2.7.5.jar:/Users/ddayang/Desktop/apache-maven-3.9.6/mvn_repo/ch/qos/logback/logback-classic/1.2.11/logback-classic-1.2.11.jar:/Users/ddayang/Desktop/apache-maven-3.9.6/mvn_repo/ch/qos/logback/logback-core/1.2.11/logback-core-1.2.11.jar:/Users/ddayang/Desktop/apache-maven-3.9.6/mvn_repo/org/apache/logging/log4j/log4j-to-slf4j/2.17.2/log4j-to-slf4j-2.17.2.jar:/Users/ddayang/Desktop/apache-maven-3.9.6/mvn_repo/org/apache/logging/log4j/log4j-api/2.17.2/log4j-api-2.17.2.jar:/Users/ddayang/Desktop/apache-maven-3.9.6/mvn_repo/org/slf4j/jul-to-slf4j/1.7.36/jul-to-slf4j-1.7.36.jar:/Users/ddayang/Desktop/apache-maven-3.9.6/mvn_repo/jakarta/annotation/jakarta.annotation-api/1.3.5/jakarta.annotation-api-1.3.5.jar:/Users/ddayang/Desktop/apache-maven-3.9.6/mvn_repo/org/yaml/snakeyaml/1.30/snakeyaml-1.30.jar:/Users/ddayang/Desktop/apache-maven-3.9.6/mvn_repo/org/springframework/boot/spring-boot-starter-jdbc/2.7.5/spring-boot-starter-jdbc-2.7.5.jar:/Users/ddayang/Desktop/apache-maven-3.9.6/mvn_repo/com/zaxxer/HikariCP/4.0.3/HikariCP-4.0.3.jar:/Users/ddayang/Desktop/apache-maven-3.9.6/mvn_repo/org/springframework/spring-jdbc/5.3.23/spring-jdbc-5.3.23.jar:/Users/ddayang/Desktop/apache-maven-3.9.6/mvn_repo/org/springframework/spring-beans/5.3.23/spring-beans-5.3.23.jar:/Users/ddayang/Desktop/apache-maven-3.9.6/mvn_repo/org/springframework/spring-tx/5.3.23/spring-tx-5.3.23.jar:/Users/ddayang/Desktop/apache-maven-3.9.6/mvn_repo/org/mybatis/spring/boot/mybatis-spring-boot-autoconfigure/2.2.2/mybatis-spring-boot-autoconfigure-2.2.2.jar:/Users/ddayang/Desktop/apache-maven-3.9.6/mvn_repo/org/mybatis/mybatis/3.5.9/mybatis-3.5.9.jar:/Users/ddayang/Desktop/apache-maven-3.9.6/mvn_repo/org/mybatis/mybatis-spring/2.0.7/mybatis-spring-2.0.7.jar:/Users/ddayang/Desktop/apache-maven-3.9.6/mvn_repo/com/mysql/mysql-connector-j/8.0.31/mysql-connector-j-8.0.31.jar:/Users/ddayang/Desktop/apache-maven-3.9.6/mvn_repo/org/projectlombok/lombok/1.18.24/lombok-1.18.24.jar:/Users/ddayang/Desktop/apache-maven-3.9.6/mvn_repo/org/springframework/boot/spring-boot-starter-test/2.7.5/spring-boot-starter-test-2.7.5.jar:/Users/ddayang/Desktop/apache-maven-3.9.6/mvn_repo/org/springframework/boot/spring-boot-test/2.7.5/spring-boot-test-2.7.5.jar:/Users/ddayang/Desktop/apache-maven-3.9.6/mvn_repo/org/springframework/boot/spring-boot-test-autoconfigure/2.7.5/spring-boot-test-autoconfigure-2.7.5.jar:/Users/ddayang/Desktop/apache-maven-3.9.6/mvn_repo/com/jayway/jsonpath/json-path/2.7.0/json-path-2.7.0.jar:/Users/ddayang/Desktop/apache-maven-3.9.6/mvn_repo/net/minidev/json-smart/2.4.8/json-smart-2.4.8.jar:/Users/ddayang/Desktop/apache-maven-3.9.6/mvn_repo/net/minidev/accessors-smart/2.4.8/accessors-smart-2.4.8.jar:/Users/ddayang/Desktop/apache-maven-3.9.6/mvn_repo/org/ow2/asm/asm/9.1/asm-9.1.jar:/Users/ddayang/Desktop/apache-maven-3.9.6/mvn_repo/org/slf4j/slf4j-api/1.7.36/slf4j-api-1.7.36.jar:/Users/ddayang/Desktop/apache-maven-3.9.6/mvn_repo/jakarta/xml/bind/jakarta.xml.bind-api/2.3.3/jakarta.xml.bind-api-2.3.3.jar:/Users/ddayang/Desktop/apache-maven-3.9.6/mvn_repo/jakarta/activation/jakarta.activation-api/1.2.2/jakarta.activation-api-1.2.2.jar:/Users/ddayang/Desktop/apache-maven-3.9.6/mvn_repo/org/assertj/assertj-core/3.22.0/assertj-core-3.22.0.jar:/Users/ddayang/Desktop/apache-maven-3.9.6/mvn_repo/org/hamcrest/hamcrest/2.2/hamcrest-2.2.jar:/Users/ddayang/Desktop/apache-maven-3.9.6/mvn_repo/org/junit/jupiter/junit-jupiter/5.8.2/junit-jupiter-5.8.2.jar:/Users/ddayang/Desktop/apache-maven-3.9.6/mvn_repo/org/junit/jupiter/junit-jupiter-api/5.8.2/junit-jupiter-api-5.8.2.jar:/Users/ddayang/Desktop/apache-maven-3.9.6/mvn_repo/org/opentest4j/opentest4j/1.2.0/opentest4j-1.2.0.jar:/Users/ddayang/Desktop/apache-maven-3.9.6/mvn_repo/org/junit/platform/junit-platform-commons/1.8.2/junit-platform-commons-1.8.2.jar:/Users/ddayang/Desktop/apache-maven-3.9.6/mvn_repo/org/apiguardian/apiguardian-api/1.1.2/apiguardian-api-1.1.2.jar:/Users/ddayang/Desktop/apache-maven-3.9.6/mvn_repo/org/junit/jupiter/junit-jupiter-params/5.8.2/junit-jupiter-params-5.8.2.jar:/Users/ddayang/Desktop/apache-maven-3.9.6/mvn_repo/org/junit/jupiter/junit-jupiter-engine/5.8.2/junit-jupiter-engine-5.8.2.jar:/Users/ddayang/Desktop/apache-maven-3.9.6/mvn_repo/org/junit/platform/junit-platform-engine/1.8.2/junit-platform-engine-1.8.2.jar:/Users/ddayang/Desktop/apache-maven-3.9.6/mvn_repo/org/mockito/mockito-core/4.5.1/mockito-core-4.5.1.jar:/Users/ddayang/Desktop/apache-maven-3.9.6/mvn_repo/net/bytebuddy/byte-buddy/1.12.18/byte-buddy-1.12.18.jar:/Users/ddayang/Desktop/apache-maven-3.9.6/mvn_repo/net/bytebuddy/byte-buddy-agent/1.12.18/byte-buddy-agent-1.12.18.jar:/Users/ddayang/Desktop/apache-maven-3.9.6/mvn_repo/org/objenesis/objenesis/3.2/objenesis-3.2.jar:/Users/ddayang/Desktop/apache-maven-3.9.6/mvn_repo/org/mockito/mockito-junit-jupiter/4.5.1/mockito-junit-jupiter-4.5.1.jar:/Users/ddayang/Desktop/apache-maven-3.9.6/mvn_repo/org/skyscreamer/jsonassert/1.5.1/jsonassert-1.5.1.jar:/Users/ddayang/Desktop/apache-maven-3.9.6/mvn_repo/com/vaadin/external/google/android-json/0.0.20131108.vaadin1/android-json-0.0.20131108.vaadin1.jar:/Users/ddayang/Desktop/apache-maven-3.9.6/mvn_repo/org/springframework/spring-core/5.3.23/spring-core-5.3.23.jar:/Users/ddayang/Desktop/apache-maven-3.9.6/mvn_repo/org/springframework/spring-jcl/5.3.23/spring-jcl-5.3.23.jar:/Users/ddayang/Desktop/apache-maven-3.9.6/mvn_repo/org/springframework/spring-test/5.3.23/spring-test-5.3.23.jar:/Users/ddayang/Desktop/apache-maven-3.9.6/mvn_repo/org/xmlunit/xmlunit-core/2.9.0/xmlunit-core-2.9.0.jar:"/>
    <property name="sun.cpu.endian" value="little"/>
    <property name="user.home" value="/Users/ddayang"/>
    <property name="user.language" value="zh"/>
    <property name="java.specification.vendor" value="Oracle Corporation"/>
    <property name="java.version.date" value="2019-01-15"/>
    <property name="java.home" value="/Library/Java/JavaVirtualMachines/jdk-11.0.2.jdk/Contents/Home"/>
    <property name="file.separator" value="/"/>
    <property name="https.proxyHost" value="127.0.0.1"/>
    <property name="basedir" value="/Users/ddayang/Desktop/java_study/java_basic/Maven_demo/it_web_app/springboot-mybatis-crud"/>
    <property name="java.vm.compressedOopsMode" value="Zero based"/>
    <property name="line.separator" value="&#10;"/>
    <property name="java.specification.name" value="Java Platform API Specification"/>
    <property name="java.vm.specification.vendor" value="Oracle Corporation"/>
    <property name="java.awt.graphicsenv" value="sun.awt.CGraphicsEnvironment"/>
    <property name="surefire.real.class.path" value="/Users/ddayang/Desktop/java_study/java_basic/Maven_demo/it_web_app/springboot-mybatis-crud/target/surefire/surefirebooter17627720528881361928.jar"/>
    <property name="user.script" value="Hans"/>
    <property name="sun.management.compiler" value="HotSpot 64-Bit Tiered Compilers"/>
    <property name="ftp.nonProxyHosts" value="192.168.0.0/16|*.192.168.0.0/16|10.0.0.0/8|*.10.0.0.0/8|172.16.0.0/12|*.172.16.0.0/12|127.0.0.1|localhost|*.localhost|local|*.local|timestamp.apple.com|*.timestamp.apple.com|sequoia.apple.com|*.sequoia.apple.com|seed-sequoia.siri.apple.com|*.seed-sequoia.siri.apple.com"/>
    <property name="java.runtime.version" value="11.0.2+9-LTS"/>
    <property name="user.name" value="ddayang"/>
    <property name="path.separator" value=":"/>
    <property name="os.version" value="10.16"/>
    <property name="java.runtime.name" value="Java(TM) SE Runtime Environment"/>
    <property name="file.encoding" value="US-ASCII"/>
    <property name="java.vm.name" value="Java HotSpot(TM) 64-Bit Server VM"/>
    <property name="java.vendor.version" value="18.9"/>
    <property name="localRepository" value="/Users/ddayang/Desktop/apache-maven-3.9.6/mvn_repo"/>
    <property name="java.vendor.url.bug" value="http://bugreport.java.com/bugreport/"/>
    <property name="java.io.tmpdir" value="/var/folders/tw/l8kh9dhn0w5fzm1779b9h7c80000gn/T/"/>
    <property name="idea.version" value="2023.2.4"/>
    <property name="java.version" value="11.0.2"/>
    <property name="user.dir" value="/Users/ddayang/Desktop/java_study/java_basic/Maven_demo/it_web_app/springboot-mybatis-crud"/>
    <property name="os.arch" value="x86_64"/>
    <property name="socksProxyPort" value="7890"/>
    <property name="java.vm.specification.name" value="Java Virtual Machine Specification"/>
    <property name="java.awt.printerjob" value="sun.lwawt.macosx.CPrinterJob"/>
    <property name="sun.os.patch.level" value="unknown"/>
    <property name="java.library.path" value="/Users/ddayang/Library/Java/Extensions:/Library/Java/Extensions:/Network/Library/Java/Extensions:/System/Library/Java/Extensions:/usr/lib/java:."/>
    <property name="java.vendor" value="Oracle Corporation"/>
    <property name="java.vm.info" value="mixed mode"/>
    <property name="java.vm.version" value="11.0.2+9-LTS"/>
    <property name="sun.io.unicode.encoding" value="UnicodeBig"/>
    <property name="java.class.version" value="55.0"/>
    <property name="socksNonProxyHosts" value="192.168.0.0/16|*.192.168.0.0/16|10.0.0.0/8|*.10.0.0.0/8|172.16.0.0/12|*.172.16.0.0/12|127.0.0.1|localhost|*.localhost|local|*.local|timestamp.apple.com|*.timestamp.apple.com|sequoia.apple.com|*.sequoia.apple.com|seed-sequoia.siri.apple.com|*.seed-sequoia.siri.apple.com"/>
    <property name="http.proxyPort" value="7890"/>
  </properties>
  <testcase name="testDelete" classname="com.itheima.SpringbootMybatisCrudApplicationTests" time="1.121"/>
</testsuite>